2018-Oct-11 23:28:22 PM [main] DEBUG org.hibernate.SQL - insert into pasajero (dni, email, nombre, password_hash, salt, apellido) values (?, ?, ?, ?, ?, ?)
2018-Oct-11 23:28:22 PM [main] TRACE org.hibernate.type.descriptor.sql.BasicBinder - binding parameter [1] as [VARCHAR] - [38468109]
2018-Oct-11 23:28:22 PM [main] TRACE org.hibernate.type.descriptor.sql.BasicBinder - binding parameter [2] as [VARCHAR] - [null]
2018-Oct-11 23:28:22 PM [main] TRACE org.hibernate.type.descriptor.sql.BasicBinder - binding parameter [3] as [VARCHAR] - [null]
2018-Oct-11 23:28:22 PM [main] TRACE org.hibernate.type.descriptor.sql.BasicBinder - binding parameter [4] as [VARCHAR] - [SHA-512 Message Digest from SUN, <in progress>
]
2018-Oct-11 23:28:22 PM [main] TRACE org.hibernate.type.descriptor.sql.BasicBinder - binding parameter [5] as [VARCHAR] - [[B@652e345]
2018-Oct-11 23:28:22 PM [main] TRACE org.hibernate.type.descriptor.sql.BasicBinder - binding parameter [6] as [VARCHAR] - [null]
2018-Oct-11 23:30:22 PM [main] DEBUG org.hibernate.SQL - insert into pasajero (dni, email, nombre, password_hash, salt, apellido) values (?, ?, ?, ?, ?, ?)
2018-Oct-11 23:30:22 PM [main] TRACE org.hibernate.type.descriptor.sql.BasicBinder - binding parameter [1] as [VARCHAR] - [38468109]
2018-Oct-11 23:30:22 PM [main] TRACE org.hibernate.type.descriptor.sql.BasicBinder - binding parameter [2] as [VARCHAR] - [null]
2018-Oct-11 23:30:22 PM [main] TRACE org.hibernate.type.descriptor.sql.BasicBinder - binding parameter [3] as [VARCHAR] - [null]
2018-Oct-11 23:30:22 PM [main] TRACE org.hibernate.type.descriptor.sql.BasicBinder - binding parameter [4] as [VARCHAR] - [[B@1d2d8846]
2018-Oct-11 23:30:22 PM [main] TRACE org.hibernate.type.descriptor.sql.BasicBinder - binding parameter [5] as [VARCHAR] - [[B@34cd65ac]
2018-Oct-11 23:30:22 PM [main] TRACE org.hibernate.type.descriptor.sql.BasicBinder - binding parameter [6] as [VARCHAR] - [null]
2018-Oct-11 23:41:49 PM [main] DEBUG org.hibernate.SQL - insert into pasajero (dni, email, nombre, password_hash, salt, apellido) values (?, ?, ?, ?, ?, ?)
2018-Oct-11 23:41:49 PM [main] TRACE org.hibernate.type.descriptor.sql.BasicBinder - binding parameter [1] as [VARCHAR] - [38468109]
2018-Oct-11 23:41:49 PM [main] TRACE org.hibernate.type.descriptor.sql.BasicBinder - binding parameter [2] as [VARCHAR] - [null]
2018-Oct-11 23:41:49 PM [main] TRACE org.hibernate.type.descriptor.sql.BasicBinder - binding parameter [3] as [VARCHAR] - [null]
2018-Oct-11 23:41:49 PM [main] TRACE org.hibernate.type.descriptor.sql.BasicBinder - binding parameter [4] as [VARCHAR] - [$2a$10$LHWMxf.sbWlGri7fy1mKEu]
2018-Oct-11 23:41:49 PM [main] TRACE org.hibernate.type.descriptor.sql.BasicBinder - binding parameter [5] as [VARCHAR] - [$2a$10$LHWMxf.sbWlGri7fy1mKEu]
2018-Oct-11 23:41:49 PM [main] TRACE org.hibernate.type.descriptor.sql.BasicBinder - binding parameter [6] as [VARCHAR] - [null]
2018-Oct-11 23:42:29 PM [main] DEBUG org.hibernate.SQL - insert into pasajero (dni, email, nombre, password_hash, salt, apellido) values (?, ?, ?, ?, ?, ?)
2018-Oct-11 23:42:29 PM [main] TRACE org.hibernate.type.descriptor.sql.BasicBinder - binding parameter [1] as [VARCHAR] - [38468109]
2018-Oct-11 23:42:29 PM [main] TRACE org.hibernate.type.descriptor.sql.BasicBinder - binding parameter [2] as [VARCHAR] - [null]
2018-Oct-11 23:42:29 PM [main] TRACE org.hibernate.type.descriptor.sql.BasicBinder - binding parameter [3] as [VARCHAR] - [null]
2018-Oct-11 23:42:29 PM [main] TRACE org.hibernate.type.descriptor.sql.BasicBinder - binding parameter [4] as [VARCHAR] - [$2a$10$6ngpY1o2Uwb8s1XIknIM0u]
2018-Oct-11 23:42:29 PM [main] TRACE org.hibernate.type.descriptor.sql.BasicBinder - binding parameter [5] as [VARCHAR] - [$2a$10$6ngpY1o2Uwb8s1XIknIM0u]
2018-Oct-11 23:42:29 PM [main] TRACE org.hibernate.type.descriptor.sql.BasicBinder - binding parameter [6] as [VARCHAR] - [null]
2018-Oct-11 23:45:14 PM [main] DEBUG org.hibernate.SQL - insert into pasajero (dni, email, nombre, password_hash, salt, apellido) values (?, ?, ?, ?, ?, ?)
2018-Oct-11 23:45:14 PM [main] TRACE org.hibernate.type.descriptor.sql.BasicBinder - binding parameter [1] as [VARCHAR] - [38468109]
2018-Oct-11 23:45:14 PM [main] TRACE org.hibernate.type.descriptor.sql.BasicBinder - binding parameter [2] as [VARCHAR] - [asd@asd.com]
2018-Oct-11 23:45:14 PM [main] TRACE org.hibernate.type.descriptor.sql.BasicBinder - binding parameter [3] as [VARCHAR] - [Brandon]
2018-Oct-11 23:45:14 PM [main] TRACE org.hibernate.type.descriptor.sql.BasicBinder - binding parameter [4] as [VARCHAR] - [$2a$10$aNh5C9l7mBHMDQn.3fgJd.mzp/4LwiJ3XgRtz6laZrVSwCZVN.M8O]
2018-Oct-11 23:45:14 PM [main] TRACE org.hibernate.type.descriptor.sql.BasicBinder - binding parameter [5] as [VARCHAR] - [$2a$10$aNh5C9l7mBHMDQn.3fgJd.]
2018-Oct-11 23:45:14 PM [main] TRACE org.hibernate.type.descriptor.sql.BasicBinder - binding parameter [6] as [VARCHAR] - [Russell]
2018-Oct-11 23:48:07 PM [main] DEBUG org.hibernate.SQL - insert into pasajero (dni, email, nombre, password_hash, salt, apellido) values (?, ?, ?, ?, ?, ?)
2018-Oct-11 23:48:07 PM [main] TRACE org.hibernate.type.descriptor.sql.BasicBinder - binding parameter [1] as [VARCHAR] - [38468109]
2018-Oct-11 23:48:07 PM [main] TRACE org.hibernate.type.descriptor.sql.BasicBinder - binding parameter [2] as [VARCHAR] - [asd@asd.com]
2018-Oct-11 23:48:07 PM [main] TRACE org.hibernate.type.descriptor.sql.BasicBinder - binding parameter [3] as [VARCHAR] - [Brandon]
2018-Oct-11 23:48:07 PM [main] TRACE org.hibernate.type.descriptor.sql.BasicBinder - binding parameter [4] as [VARCHAR] - [$2a$10$tbK6tGaK7SoWX0A0WlXtIulm41.YpYZ0xRqJgJBER9tREYKWhX3cS]
2018-Oct-11 23:48:07 PM [main] TRACE org.hibernate.type.descriptor.sql.BasicBinder - binding parameter [5] as [VARCHAR] - [$2a$10$tbK6tGaK7SoWX0A0WlXtIu]
2018-Oct-11 23:48:07 PM [main] TRACE org.hibernate.type.descriptor.sql.BasicBinder - binding parameter [6] as [VARCHAR] - [Russell]
2018-Nov-01 20:22:14 PM [main] DEBUG org.hibernate.SQL - insert into pasajero (dni, email, nombre, password_hash, salt, apellido) values (?, ?, ?, ?, ?, ?)
2018-Nov-01 20:22:14 PM [main] TRACE org.hibernate.type.descriptor.sql.BasicBinder - binding parameter [1] as [VARCHAR] - [38468109]
2018-Nov-01 20:22:14 PM [main] TRACE org.hibernate.type.descriptor.sql.BasicBinder - binding parameter [2] as [VARCHAR] - [asd@asd.com]
2018-Nov-01 20:22:14 PM [main] TRACE org.hibernate.type.descriptor.sql.BasicBinder - binding parameter [3] as [VARCHAR] - [Brandon]
2018-Nov-01 20:22:14 PM [main] TRACE org.hibernate.type.descriptor.sql.BasicBinder - binding parameter [4] as [VARCHAR] - [$2a$10$WKq/YFW0Ygdbk7.tYTBYvuMUrngtjXi0I7GiwjcVY.5yHDvGktKmK]
2018-Nov-01 20:22:14 PM [main] TRACE org.hibernate.type.descriptor.sql.BasicBinder - binding parameter [5] as [VARCHAR] - [$2a$10$WKq/YFW0Ygdbk7.tYTBYvu]
2018-Nov-01 20:22:14 PM [main] TRACE org.hibernate.type.descriptor.sql.BasicBinder - binding parameter [6] as [VARCHAR] - [Russell]
2018-Nov-01 20:22:14 PM [main] DEBUG org.hibernate.SQL - delete from pasajero where id_pasajero=?
2018-Nov-01 20:22:14 PM [main] TRACE org.hibernate.type.descriptor.sql.BasicBinder - binding parameter [1] as [INTEGER] - [1]
2018-Nov-01 20:25:19 PM [main] DEBUG org.hibernate.SQL - insert into pasajero (dni, email, nombre, password_hash, salt, apellido) values (?, ?, ?, ?, ?, ?)
2018-Nov-01 20:25:19 PM [main] TRACE org.hibernate.type.descriptor.sql.BasicBinder - binding parameter [1] as [VARCHAR] - [38468109]
2018-Nov-01 20:25:19 PM [main] TRACE org.hibernate.type.descriptor.sql.BasicBinder - binding parameter [2] as [VARCHAR] - [asd@asd.com]
2018-Nov-01 20:25:19 PM [main] TRACE org.hibernate.type.descriptor.sql.BasicBinder - binding parameter [3] as [VARCHAR] - [Brandon]
2018-Nov-01 20:25:19 PM [main] TRACE org.hibernate.type.descriptor.sql.BasicBinder - binding parameter [4] as [VARCHAR] - [$2a$10$E7Ak4iSHM.7ruJ/SpXKFuuXvJUJ9tu/IHXh29DuSreh4qowIZaq76]
2018-Nov-01 20:25:19 PM [main] TRACE org.hibernate.type.descriptor.sql.BasicBinder - binding parameter [5] as [VARCHAR] - [$2a$10$E7Ak4iSHM.7ruJ/SpXKFuu]
2018-Nov-01 20:25:19 PM [main] TRACE org.hibernate.type.descriptor.sql.BasicBinder - binding parameter [6] as [VARCHAR] - [Russell]
2018-Nov-01 20:25:19 PM [main] DEBUG org.hibernate.SQL - delete from pasajero where id_pasajero=?
2018-Nov-01 20:25:19 PM [main] TRACE org.hibernate.type.descriptor.sql.BasicBinder - binding parameter [1] as [INTEGER] - [2]
2018-Nov-01 20:25:19 PM [main] DEBUG org.hibernate.SQL - select passenger0_.id_pasajero as id_pasaj1_0_, passenger0_.dni as dni2_0_, passenger0_.email as email3_0_, passenger0_.nombre as nombre4_0_, passenger0_.password_hash as password5_0_, passenger0_.salt as salt6_0_, passenger0_.apellido as apellido7_0_ from pasajero passenger0_ where passenger0_.id_pasajero=?
2018-Nov-01 20:25:19 PM [main] TRACE org.hibernate.type.descriptor.sql.BasicBinder - binding parameter [1] as [INTEGER] - [2]
2018-Nov-02 16:59:23 PM [main] DEBUG org.hibernate.SQL - insert into pasajero (dni, email, nombre, password_hash, salt, apellido) values (?, ?, ?, ?, ?, ?)
2018-Nov-02 16:59:23 PM [main] TRACE org.hibernate.type.descriptor.sql.BasicBinder - binding parameter [1] as [VARCHAR] - [38468109]
2018-Nov-02 16:59:23 PM [main] TRACE org.hibernate.type.descriptor.sql.BasicBinder - binding parameter [2] as [VARCHAR] - [asd@asd.com]
2018-Nov-02 16:59:23 PM [main] TRACE org.hibernate.type.descriptor.sql.BasicBinder - binding parameter [3] as [VARCHAR] - [Brandon]
2018-Nov-02 16:59:23 PM [main] TRACE org.hibernate.type.descriptor.sql.BasicBinder - binding parameter [4] as [VARCHAR] - [$2a$10$qf4UouoSJj.SmJKyERc2jO4tKQUT.7lulDCtBQZIJSFLoAtCTVBrm]
2018-Nov-02 16:59:23 PM [main] TRACE org.hibernate.type.descriptor.sql.BasicBinder - binding parameter [5] as [VARCHAR] - [$2a$10$qf4UouoSJj.SmJKyERc2jO]
2018-Nov-02 16:59:23 PM [main] TRACE org.hibernate.type.descriptor.sql.BasicBinder - binding parameter [6] as [VARCHAR] - [Russell]
2018-Nov-02 16:59:52 PM [main] DEBUG org.hibernate.SQL - insert into pasajero (dni, email, nombre, password_hash, salt, apellido) values (?, ?, ?, ?, ?, ?)
2018-Nov-02 16:59:52 PM [main] TRACE org.hibernate.type.descriptor.sql.BasicBinder - binding parameter [1] as [VARCHAR] - [38468109]
2018-Nov-02 16:59:52 PM [main] TRACE org.hibernate.type.descriptor.sql.BasicBinder - binding parameter [2] as [VARCHAR] - [asd@asd.com]
2018-Nov-02 16:59:52 PM [main] TRACE org.hibernate.type.descriptor.sql.BasicBinder - binding parameter [3] as [VARCHAR] - [Brandon]
2018-Nov-02 16:59:52 PM [main] TRACE org.hibernate.type.descriptor.sql.BasicBinder - binding parameter [4] as [VARCHAR] - [$2a$10$75sQBEOV9MXgl9bGbLA9YevO6iCFxIEds.z0g0LMvqjGDXvK8ajuu]
2018-Nov-02 16:59:52 PM [main] TRACE org.hibernate.type.descriptor.sql.BasicBinder - binding parameter [5] as [VARCHAR] - [$2a$10$75sQBEOV9MXgl9bGbLA9Ye]
2018-Nov-02 16:59:52 PM [main] TRACE org.hibernate.type.descriptor.sql.BasicBinder - binding parameter [6] as [VARCHAR] - [Russell]
2018-Nov-02 17:01:18 PM [main] DEBUG org.hibernate.SQL - insert into pasajero (dni, email, nombre, password_hash, salt, apellido) values (?, ?, ?, ?, ?, ?)
2018-Nov-02 17:01:18 PM [main] TRACE org.hibernate.type.descriptor.sql.BasicBinder - binding parameter [1] as [VARCHAR] - [38468109]
2018-Nov-02 17:01:18 PM [main] TRACE org.hibernate.type.descriptor.sql.BasicBinder - binding parameter [2] as [VARCHAR] - [asd@asd.com]
2018-Nov-02 17:01:18 PM [main] TRACE org.hibernate.type.descriptor.sql.BasicBinder - binding parameter [3] as [VARCHAR] - [Brandon]
2018-Nov-02 17:01:18 PM [main] TRACE org.hibernate.type.descriptor.sql.BasicBinder - binding parameter [4] as [VARCHAR] - [$2a$10$QaltK5mStLLuujE.GtrfRuG/rVDXFHA2akS37SGm3vHlpPalaJ0Du]
2018-Nov-02 17:01:18 PM [main] TRACE org.hibernate.type.descriptor.sql.BasicBinder - binding parameter [5] as [VARCHAR] - [$2a$10$QaltK5mStLLuujE.GtrfRu]
2018-Nov-02 17:01:18 PM [main] TRACE org.hibernate.type.descriptor.sql.BasicBinder - binding parameter [6] as [VARCHAR] - [Russell]
2018-Nov-02 17:04:21 PM [main] DEBUG org.hibernate.SQL - insert into pasajero (dni, email, nombre, password_hash, salt, apellido) values (?, ?, ?, ?, ?, ?)
2018-Nov-02 17:04:21 PM [main] TRACE org.hibernate.type.descriptor.sql.BasicBinder - binding parameter [1] as [VARCHAR] - [38468109]
2018-Nov-02 17:04:21 PM [main] TRACE org.hibernate.type.descriptor.sql.BasicBinder - binding parameter [2] as [VARCHAR] - [asd@asd.com]
2018-Nov-02 17:04:21 PM [main] TRACE org.hibernate.type.descriptor.sql.BasicBinder - binding parameter [3] as [VARCHAR] - [Brandon]
2018-Nov-02 17:04:21 PM [main] TRACE org.hibernate.type.descriptor.sql.BasicBinder - binding parameter [4] as [VARCHAR] - [$2a$10$b.lz48GCWDZK5XtpCYcZJeQdlqiyhitstaOYB98kn5iubFHrCmpcu]
2018-Nov-02 17:04:21 PM [main] TRACE org.hibernate.type.descriptor.sql.BasicBinder - binding parameter [5] as [VARCHAR] - [$2a$10$b.lz48GCWDZK5XtpCYcZJe]
2018-Nov-02 17:04:21 PM [main] TRACE org.hibernate.type.descriptor.sql.BasicBinder - binding parameter [6] as [VARCHAR] - [Russell]
2018-Nov-02 17:04:30 PM [main] DEBUG org.hibernate.SQL - insert into pasajero (dni, email, nombre, password_hash, salt, apellido) values (?, ?, ?, ?, ?, ?)
2018-Nov-02 17:04:30 PM [main] TRACE org.hibernate.type.descriptor.sql.BasicBinder - binding parameter [1] as [VARCHAR] - [38468109]
2018-Nov-02 17:04:30 PM [main] TRACE org.hibernate.type.descriptor.sql.BasicBinder - binding parameter [2] as [VARCHAR] - [asd@asd.com]
2018-Nov-02 17:04:30 PM [main] TRACE org.hibernate.type.descriptor.sql.BasicBinder - binding parameter [3] as [VARCHAR] - [Brandon]
2018-Nov-02 17:04:30 PM [main] TRACE org.hibernate.type.descriptor.sql.BasicBinder - binding parameter [4] as [VARCHAR] - [$2a$10$50inwIFebyPNC3FuuaZXeOJBrKJFmtcl1yNOdot/d22iPW24MS.vO]
2018-Nov-02 17:04:30 PM [main] TRACE org.hibernate.type.descriptor.sql.BasicBinder - binding parameter [5] as [VARCHAR] - [$2a$10$50inwIFebyPNC3FuuaZXeO]
2018-Nov-02 17:04:30 PM [main] TRACE org.hibernate.type.descriptor.sql.BasicBinder - binding parameter [6] as [VARCHAR] - [Russell]
2018-Nov-02 17:04:59 PM [main] DEBUG org.hibernate.SQL - insert into pasajero (dni, email, nombre, password_hash, salt, apellido) values (?, ?, ?, ?, ?, ?)
2018-Nov-02 17:04:59 PM [main] TRACE org.hibernate.type.descriptor.sql.BasicBinder - binding parameter [1] as [VARCHAR] - [38468109]
2018-Nov-02 17:04:59 PM [main] TRACE org.hibernate.type.descriptor.sql.BasicBinder - binding parameter [2] as [VARCHAR] - [asd@asd.com]
2018-Nov-02 17:04:59 PM [main] TRACE org.hibernate.type.descriptor.sql.BasicBinder - binding parameter [3] as [VARCHAR] - [Brandon]
2018-Nov-02 17:04:59 PM [main] TRACE org.hibernate.type.descriptor.sql.BasicBinder - binding parameter [4] as [VARCHAR] - [$2a$10$4CHZ87rM8l.Vna6OYefFjOjoi7fd7L0BtgH//iK0jhkKKeYDFprRy]
2018-Nov-02 17:04:59 PM [main] TRACE org.hibernate.type.descriptor.sql.BasicBinder - binding parameter [5] as [VARCHAR] - [$2a$10$4CHZ87rM8l.Vna6OYefFjO]
2018-Nov-02 17:04:59 PM [main] TRACE org.hibernate.type.descriptor.sql.BasicBinder - binding parameter [6] as [VARCHAR] - [Russell]
2018-Nov-02 17:04:59 PM [main] DEBUG org.hibernate.SQL - select passenger0_.id_pasajero as id_pasaj1_0_, passenger0_.dni as dni2_0_, passenger0_.email as email3_0_, passenger0_.nombre as nombre4_0_, passenger0_.password_hash as password5_0_, passenger0_.salt as salt6_0_, passenger0_.apellido as apellido7_0_ from pasajero passenger0_ where passenger0_.id_pasajero=?
2018-Nov-02 17:04:59 PM [main] TRACE org.hibernate.type.descriptor.sql.BasicBinder - binding parameter [1] as [INTEGER] - [8]
2018-Nov-02 17:04:59 PM [main] TRACE org.hibernate.type.descriptor.sql.BasicExtractor - extracted value ([id_pasaj1_0_] : [INTEGER]) - [8]
2018-Nov-02 17:04:59 PM [main] TRACE org.hibernate.type.descriptor.sql.BasicExtractor - extracted value ([dni2_0_] : [VARCHAR]) - [38468109]
2018-Nov-02 17:04:59 PM [main] TRACE org.hibernate.type.descriptor.sql.BasicExtractor - extracted value ([email3_0_] : [VARCHAR]) - [asd@asd.com]
2018-Nov-02 17:04:59 PM [main] TRACE org.hibernate.type.descriptor.sql.BasicExtractor - extracted value ([nombre4_0_] : [VARCHAR]) - [Brandon]
2018-Nov-02 17:04:59 PM [main] TRACE org.hibernate.type.descriptor.sql.BasicExtractor - extracted value ([password5_0_] : [VARCHAR]) - [$2a$10$4CHZ87rM8l.Vna6OYefFjOjoi7fd7L0BtgH//iK0jhkKKeYDFprRy]
2018-Nov-02 17:04:59 PM [main] TRACE org.hibernate.type.descriptor.sql.BasicExtractor - extracted value ([salt6_0_] : [VARCHAR]) - [$2a$10$4CHZ87rM8l.Vna6OYefFjO]
2018-Nov-02 17:04:59 PM [main] TRACE org.hibernate.type.descriptor.sql.BasicExtractor - extracted value ([apellido7_0_] : [VARCHAR]) - [Russell]
2018-Nov-02 17:48:06 PM [main] DEBUG org.hibernate.SQL - insert into pasajero (dni, email, nombre, password_hash, salt, apellido) values (?, ?, ?, ?, ?, ?)
2018-Nov-02 17:48:06 PM [main] TRACE org.hibernate.type.descriptor.sql.BasicBinder - binding parameter [1] as [VARCHAR] - [38468109]
2018-Nov-02 17:48:06 PM [main] TRACE org.hibernate.type.descriptor.sql.BasicBinder - binding parameter [2] as [VARCHAR] - [asd@asd.com]
2018-Nov-02 17:48:06 PM [main] TRACE org.hibernate.type.descriptor.sql.BasicBinder - binding parameter [3] as [VARCHAR] - [Brandon]
2018-Nov-02 17:48:06 PM [main] TRACE org.hibernate.type.descriptor.sql.BasicBinder - binding parameter [4] as [VARCHAR] - [$2a$10$.R7nD.aoq.VhLDrMS1uppuTv92vPeB42vJNg2s2meZ8esVHqlayaC]
2018-Nov-02 17:48:06 PM [main] TRACE org.hibernate.type.descriptor.sql.BasicBinder - binding parameter [5] as [VARCHAR] - [$2a$10$.R7nD.aoq.VhLDrMS1uppu]
2018-Nov-02 17:48:06 PM [main] TRACE org.hibernate.type.descriptor.sql.BasicBinder - binding parameter [6] as [VARCHAR] - [Russell]
2018-Nov-02 17:48:15 PM [main] DEBUG org.hibernate.SQL - insert into pasajero (dni, email, nombre, password_hash, salt, apellido) values (?, ?, ?, ?, ?, ?)
2018-Nov-02 17:48:15 PM [main] TRACE org.hibernate.type.descriptor.sql.BasicBinder - binding parameter [1] as [VARCHAR] - [38468109]
2018-Nov-02 17:48:15 PM [main] TRACE org.hibernate.type.descriptor.sql.BasicBinder - binding parameter [2] as [VARCHAR] - [asd@asd.com]
2018-Nov-02 17:48:15 PM [main] TRACE org.hibernate.type.descriptor.sql.BasicBinder - binding parameter [3] as [VARCHAR] - [Brandon]
2018-Nov-02 17:48:15 PM [main] TRACE org.hibernate.type.descriptor.sql.BasicBinder - binding parameter [4] as [VARCHAR] - [$2a$10$X7ZDuoPAGfN/epRfp0F2F.AWvIpVVMlvzqucgyg8auQG9Eu1kyvme]
2018-Nov-02 17:48:15 PM [main] TRACE org.hibernate.type.descriptor.sql.BasicBinder - binding parameter [5] as [VARCHAR] - [$2a$10$X7ZDuoPAGfN/epRfp0F2F.]
2018-Nov-02 17:48:15 PM [main] TRACE org.hibernate.type.descriptor.sql.BasicBinder - binding parameter [6] as [VARCHAR] - [Russell]
2018-Nov-02 17:48:15 PM [main] DEBUG org.hibernate.SQL - delete from pasajero where id_pasajero=?
2018-Nov-02 17:48:15 PM [main] TRACE org.hibernate.type.descriptor.sql.BasicBinder - binding parameter [1] as [INTEGER] - [10]
2018-Nov-02 17:48:15 PM [main] DEBUG org.hibernate.SQL - select passenger0_.id_pasajero as id_pasaj1_0_, passenger0_.dni as dni2_0_, passenger0_.email as email3_0_, passenger0_.nombre as nombre4_0_, passenger0_.password_hash as password5_0_, passenger0_.salt as salt6_0_, passenger0_.apellido as apellido7_0_ from pasajero passenger0_ where passenger0_.id_pasajero=?
2018-Nov-02 17:48:15 PM [main] TRACE org.hibernate.type.descriptor.sql.BasicBinder - binding parameter [1] as [INTEGER] - [10]
2018-Nov-02 17:48:24 PM [main] DEBUG org.hibernate.SQL - insert into pasajero (dni, email, nombre, password_hash, salt, apellido) values (?, ?, ?, ?, ?, ?)
2018-Nov-02 17:48:24 PM [main] TRACE org.hibernate.type.descriptor.sql.BasicBinder - binding parameter [1] as [VARCHAR] - [38468109]
2018-Nov-02 17:48:24 PM [main] TRACE org.hibernate.type.descriptor.sql.BasicBinder - binding parameter [2] as [VARCHAR] - [asd@asd.com]
2018-Nov-02 17:48:24 PM [main] TRACE org.hibernate.type.descriptor.sql.BasicBinder - binding parameter [3] as [VARCHAR] - [Brandon]
2018-Nov-02 17:48:24 PM [main] TRACE org.hibernate.type.descriptor.sql.BasicBinder - binding parameter [4] as [VARCHAR] - [$2a$10$K3dqFohD/qxqo8w1b6u1wuTQgF3B2SLmVIMpOc7ZFPAOeKbzCN7E2]
2018-Nov-02 17:48:24 PM [main] TRACE org.hibernate.type.descriptor.sql.BasicBinder - binding parameter [5] as [VARCHAR] - [$2a$10$K3dqFohD/qxqo8w1b6u1wu]
2018-Nov-02 17:48:24 PM [main] TRACE org.hibernate.type.descriptor.sql.BasicBinder - binding parameter [6] as [VARCHAR] - [Russell]
2018-Nov-02 17:48:24 PM [main] DEBUG org.hibernate.SQL - select passenger0_.id_pasajero as id_pasaj1_0_, passenger0_.dni as dni2_0_, passenger0_.email as email3_0_, passenger0_.nombre as nombre4_0_, passenger0_.password_hash as password5_0_, passenger0_.salt as salt6_0_, passenger0_.apellido as apellido7_0_ from pasajero passenger0_ where passenger0_.id_pasajero=?
2018-Nov-02 17:48:24 PM [main] TRACE org.hibernate.type.descriptor.sql.BasicBinder - binding parameter [1] as [INTEGER] - [11]
2018-Nov-02 17:48:24 PM [main] TRACE org.hibernate.type.descriptor.sql.BasicExtractor - extracted value ([id_pasaj1_0_] : [INTEGER]) - [11]
2018-Nov-02 17:49:09 PM [main] DEBUG org.hibernate.SQL - insert into pasajero (dni, email, nombre, password_hash, salt, apellido) values (?, ?, ?, ?, ?, ?)
2018-Nov-02 17:49:09 PM [main] TRACE org.hibernate.type.descriptor.sql.BasicBinder - binding parameter [1] as [VARCHAR] - [38468109]
2018-Nov-02 17:49:09 PM [main] TRACE org.hibernate.type.descriptor.sql.BasicBinder - binding parameter [2] as [VARCHAR] - [asd@asd.com]
2018-Nov-02 17:49:09 PM [main] TRACE org.hibernate.type.descriptor.sql.BasicBinder - binding parameter [3] as [VARCHAR] - [Brandon]
2018-Nov-02 17:49:09 PM [main] TRACE org.hibernate.type.descriptor.sql.BasicBinder - binding parameter [4] as [VARCHAR] - [$2a$10$pWFut35nIarAJ6CGJidqXej9SALSp5c3GySkGsmp5c9F7k1PLSav2]
2018-Nov-02 17:49:09 PM [main] TRACE org.hibernate.type.descriptor.sql.BasicBinder - binding parameter [5] as [VARCHAR] - [$2a$10$pWFut35nIarAJ6CGJidqXe]
2018-Nov-02 17:49:09 PM [main] TRACE org.hibernate.type.descriptor.sql.BasicBinder - binding parameter [6] as [VARCHAR] - [Russell]
2018-Nov-02 17:49:09 PM [main] DEBUG org.hibernate.SQL - select passenger0_.id_pasajero as id_pasaj1_0_, passenger0_.dni as dni2_0_, passenger0_.email as email3_0_, passenger0_.nombre as nombre4_0_, passenger0_.password_hash as password5_0_, passenger0_.salt as salt6_0_, passenger0_.apellido as apellido7_0_ from pasajero passenger0_ where passenger0_.id_pasajero=?
2018-Nov-02 17:49:09 PM [main] TRACE org.hibernate.type.descriptor.sql.BasicBinder - binding parameter [1] as [INTEGER] - [12]
2018-Nov-02 17:49:09 PM [main] TRACE org.hibernate.type.descriptor.sql.BasicExtractor - extracted value ([id_pasaj1_0_] : [INTEGER]) - [12]
2018-Nov-02 17:49:18 PM [main] DEBUG org.hibernate.SQL - insert into pasajero (dni, email, nombre, password_hash, salt, apellido) values (?, ?, ?, ?, ?, ?)
2018-Nov-02 17:49:18 PM [main] TRACE org.hibernate.type.descriptor.sql.BasicBinder - binding parameter [1] as [VARCHAR] - [38468109]
2018-Nov-02 17:49:18 PM [main] TRACE org.hibernate.type.descriptor.sql.BasicBinder - binding parameter [2] as [VARCHAR] - [asd@asd.com]
2018-Nov-02 17:49:18 PM [main] TRACE org.hibernate.type.descriptor.sql.BasicBinder - binding parameter [3] as [VARCHAR] - [Brandon]
2018-Nov-02 17:49:18 PM [main] TRACE org.hibernate.type.descriptor.sql.BasicBinder - binding parameter [4] as [VARCHAR] - [$2a$10$2.aQINdm5hoBrFpa330uweGFeATAh0iQewSJ9JIFyqk50Edg3h5JG]
2018-Nov-02 17:49:18 PM [main] TRACE org.hibernate.type.descriptor.sql.BasicBinder - binding parameter [5] as [VARCHAR] - [$2a$10$2.aQINdm5hoBrFpa330uwe]
2018-Nov-02 17:49:18 PM [main] TRACE org.hibernate.type.descriptor.sql.BasicBinder - binding parameter [6] as [VARCHAR] - [Russell]
2018-Nov-02 17:49:18 PM [main] DEBUG org.hibernate.SQL - select passenger0_.id_pasajero as id_pasaj1_0_, passenger0_.dni as dni2_0_, passenger0_.email as email3_0_, passenger0_.nombre as nombre4_0_, passenger0_.password_hash as password5_0_, passenger0_.salt as salt6_0_, passenger0_.apellido as apellido7_0_ from pasajero passenger0_ where passenger0_.id_pasajero=?
2018-Nov-02 17:49:18 PM [main] TRACE org.hibernate.type.descriptor.sql.BasicBinder - binding parameter [1] as [INTEGER] - [13]
2018-Nov-02 17:49:18 PM [main] TRACE org.hibernate.type.descriptor.sql.BasicExtractor - extracted value ([id_pasaj1_0_] : [INTEGER]) - [13]
